Your Requested /api/login ||Error: Your Requested /api/login 
    at CreateError (E:\Laragon\www\mern\pos\server\src\utility\ErrorHandler.js:6:13)
    at NotFoundError (E:\Laragon\www\mern\pos\server\src\utility\ErrorHandler.js:14:17)
    at Layer.handle [as handle_request] (E:\Laragon\www\mern\pos\server\node_modules\express\lib\router\layer.js:95:5)
    at trim_prefix (E:\Laragon\www\mern\pos\server\node_modules\express\lib\router\index.js:328:13)
    at E:\Laragon\www\mern\pos\server\node_modules\express\lib\router\index.js:286:9
    at Function.process_params (E:\Laragon\www\mern\pos\server\node_modules\express\lib\router\index.js:346:12)
    at next (E:\Laragon\www\mern\pos\server\node_modules\express\lib\router\index.js:280:10)
    at E:\Laragon\www\mern\pos\server\node_modules\express\lib\router\index.js:646:15
    at next (E:\Laragon\www\mern\pos\server\node_modules\express\lib\router\index.js:265:14)
    at Function.handle (E:\Laragon\www\mern\pos\server\node_modules\express\lib\router\index.js:175:3)||Tue Oct 08 2024 02:01:40 GMT+0600 (Bangladesh Standard Time)
Your Requested /api/registration ||Error: Your Requested /api/registration 
    at CreateError (E:\Laragon\www\mern\pos\server\src\utility\ErrorHandler.js:6:13)
    at NotFoundError (E:\Laragon\www\mern\pos\server\src\utility\ErrorHandler.js:14:17)
    at Layer.handle [as handle_request] (E:\Laragon\www\mern\pos\server\node_modules\express\lib\router\layer.js:95:5)
    at trim_prefix (E:\Laragon\www\mern\pos\server\node_modules\express\lib\router\index.js:328:13)
    at E:\Laragon\www\mern\pos\server\node_modules\express\lib\router\index.js:286:9
    at Function.process_params (E:\Laragon\www\mern\pos\server\node_modules\express\lib\router\index.js:346:12)
    at next (E:\Laragon\www\mern\pos\server\node_modules\express\lib\router\index.js:280:10)
    at E:\Laragon\www\mern\pos\server\node_modules\express\lib\router\index.js:646:15
    at next (E:\Laragon\www\mern\pos\server\node_modules\express\lib\router\index.js:265:14)
    at Function.handle (E:\Laragon\www\mern\pos\server\node_modules\express\lib\router\index.js:175:3)||Tue Oct 08 2024 13:14:13 GMT+0600 (Bangladesh Standard Time)
Your Requested /api/registration ||Error: Your Requested /api/registration 
    at CreateError (E:\Laragon\www\mern\pos\server\src\utility\ErrorHandler.js:6:13)
    at NotFoundError (E:\Laragon\www\mern\pos\server\src\utility\ErrorHandler.js:14:17)
    at Layer.handle [as handle_request] (E:\Laragon\www\mern\pos\server\node_modules\express\lib\router\layer.js:95:5)
    at trim_prefix (E:\Laragon\www\mern\pos\server\node_modules\express\lib\router\index.js:328:13)
    at E:\Laragon\www\mern\pos\server\node_modules\express\lib\router\index.js:286:9
    at Function.process_params (E:\Laragon\www\mern\pos\server\node_modules\express\lib\router\index.js:346:12)
    at next (E:\Laragon\www\mern\pos\server\node_modules\express\lib\router\index.js:280:10)
    at E:\Laragon\www\mern\pos\server\node_modules\express\lib\router\index.js:646:15
    at next (E:\Laragon\www\mern\pos\server\node_modules\express\lib\router\index.js:265:14)
    at Function.handle (E:\Laragon\www\mern\pos\server\node_modules\express\lib\router\index.js:175:3)||Tue Oct 08 2024 13:15:03 GMT+0600 (Bangladesh Standard Time)
Your Requested /api/registration ||Error: Your Requested /api/registration 
    at CreateError (E:\Laragon\www\mern\pos\server\src\utility\ErrorHandler.js:6:13)
    at NotFoundError (E:\Laragon\www\mern\pos\server\src\utility\ErrorHandler.js:14:17)
    at Layer.handle [as handle_request] (E:\Laragon\www\mern\pos\server\node_modules\express\lib\router\layer.js:95:5)
    at trim_prefix (E:\Laragon\www\mern\pos\server\node_modules\express\lib\router\index.js:328:13)
    at E:\Laragon\www\mern\pos\server\node_modules\express\lib\router\index.js:286:9
    at Function.process_params (E:\Laragon\www\mern\pos\server\node_modules\express\lib\router\index.js:346:12)
    at next (E:\Laragon\www\mern\pos\server\node_modules\express\lib\router\index.js:280:10)
    at E:\Laragon\www\mern\pos\server\node_modules\express\lib\router\index.js:646:15
    at next (E:\Laragon\www\mern\pos\server\node_modules\express\lib\router\index.js:265:14)
    at Function.handle (E:\Laragon\www\mern\pos\server\node_modules\express\lib\router\index.js:175:3)||Tue Oct 08 2024 13:16:09 GMT+0600 (Bangladesh Standard Time)
Your Requested /api/registration ||Error: Your Requested /api/registration 
    at CreateError (E:\Laragon\www\mern\pos\server\src\utility\ErrorHandler.js:6:13)
    at NotFoundError (E:\Laragon\www\mern\pos\server\src\utility\ErrorHandler.js:14:17)
    at Layer.handle [as handle_request] (E:\Laragon\www\mern\pos\server\node_modules\express\lib\router\layer.js:95:5)
    at trim_prefix (E:\Laragon\www\mern\pos\server\node_modules\express\lib\router\index.js:328:13)
    at E:\Laragon\www\mern\pos\server\node_modules\express\lib\router\index.js:286:9
    at Function.process_params (E:\Laragon\www\mern\pos\server\node_modules\express\lib\router\index.js:346:12)
    at next (E:\Laragon\www\mern\pos\server\node_modules\express\lib\router\index.js:280:10)
    at E:\Laragon\www\mern\pos\server\node_modules\express\lib\router\index.js:646:15
    at next (E:\Laragon\www\mern\pos\server\node_modules\express\lib\router\index.js:265:14)
    at Function.handle (E:\Laragon\www\mern\pos\server\node_modules\express\lib\router\index.js:175:3)||Tue Oct 08 2024 13:25:18 GMT+0600 (Bangladesh Standard Time)
Your Requested /api/login ||Error: Your Requested /api/login 
    at CreateError (E:\Laragon\www\mern\pos\server\src\utility\ErrorHandler.js:6:13)
    at NotFoundError (E:\Laragon\www\mern\pos\server\src\utility\ErrorHandler.js:14:17)
    at Layer.handle [as handle_request] (E:\Laragon\www\mern\pos\server\node_modules\express\lib\router\layer.js:95:5)
    at trim_prefix (E:\Laragon\www\mern\pos\server\node_modules\express\lib\router\index.js:328:13)
    at E:\Laragon\www\mern\pos\server\node_modules\express\lib\router\index.js:286:9
    at Function.process_params (E:\Laragon\www\mern\pos\server\node_modules\express\lib\router\index.js:346:12)
    at next (E:\Laragon\www\mern\pos\server\node_modules\express\lib\router\index.js:280:10)
    at E:\Laragon\www\mern\pos\server\node_modules\express\lib\router\index.js:646:15
    at next (E:\Laragon\www\mern\pos\server\node_modules\express\lib\router\index.js:265:14)
    at Function.handle (E:\Laragon\www\mern\pos\server\node_modules\express\lib\router\index.js:175:3)||Tue Oct 08 2024 13:33:56 GMT+0600 (Bangladesh Standard Time)
email is not defined||ReferenceError: email is not defined
    at module.exports (E:\Laragon\www\mern\pos\server\src\middlewares\AuthVerification.js:7:29)
    at Layer.handle [as handle_request] (E:\Laragon\www\mern\pos\server\node_modules\express\lib\router\layer.js:95:5)
    at next (E:\Laragon\www\mern\pos\server\node_modules\express\lib\router\route.js:149:13)
    at Route.dispatch (E:\Laragon\www\mern\pos\server\node_modules\express\lib\router\route.js:119:3)
    at Layer.handle [as handle_request] (E:\Laragon\www\mern\pos\server\node_modules\express\lib\router\layer.js:95:5)
    at E:\Laragon\www\mern\pos\server\node_modules\express\lib\router\index.js:284:15
    at Function.process_params (E:\Laragon\www\mern\pos\server\node_modules\express\lib\router\index.js:346:12)
    at next (E:\Laragon\www\mern\pos\server\node_modules\express\lib\router\index.js:280:10)
    at Function.handle (E:\Laragon\www\mern\pos\server\node_modules\express\lib\router\index.js:175:3)
    at router (E:\Laragon\www\mern\pos\server\node_modules\express\lib\router\index.js:47:12)||Tue Oct 08 2024 14:09:13 GMT+0600 (Bangladesh Standard Time)
Your Requested /api/logout ||Error: Your Requested /api/logout 
    at CreateError (E:\Laragon\www\mern\pos\server\src\utility\ErrorHandler.js:6:13)
    at NotFoundError (E:\Laragon\www\mern\pos\server\src\utility\ErrorHandler.js:14:17)
    at Layer.handle [as handle_request] (E:\Laragon\www\mern\pos\server\node_modules\express\lib\router\layer.js:95:5)
    at trim_prefix (E:\Laragon\www\mern\pos\server\node_modules\express\lib\router\index.js:328:13)
    at E:\Laragon\www\mern\pos\server\node_modules\express\lib\router\index.js:286:9
    at Function.process_params (E:\Laragon\www\mern\pos\server\node_modules\express\lib\router\index.js:346:12)
    at next (E:\Laragon\www\mern\pos\server\node_modules\express\lib\router\index.js:280:10)
    at E:\Laragon\www\mern\pos\server\node_modules\express\lib\router\index.js:646:15
    at next (E:\Laragon\www\mern\pos\server\node_modules\express\lib\router\index.js:265:14)
    at Function.handle (E:\Laragon\www\mern\pos\server\node_modules\express\lib\router\index.js:175:3)||Fri Oct 11 2024 23:36:55 GMT+0600 (Bangladesh Standard Time)
ENOENT: no such file or directory, open 'E:\tmp\my-uploads\file-1728978449322-773229927'||Error: ENOENT: no such file or directory, open 'E:\tmp\my-uploads\file-1728978449322-773229927'||Tue Oct 15 2024 13:47:29 GMT+0600 (Bangladesh Standard Time)
Unexpected field||MulterError: Unexpected field
    at wrappedFileFilter (E:\Laragon\www\mern\pos\server\node_modules\multer\index.js:40:19)
    at Multipart.<anonymous> (E:\Laragon\www\mern\pos\server\node_modules\multer\lib\make-middleware.js:107:7)
    at Multipart.emit (node:events:511:28)
    at HeaderParser.cb (E:\Laragon\www\mern\pos\server\node_modules\busboy\lib\types\multipart.js:358:14)
    at HeaderParser.push (E:\Laragon\www\mern\pos\server\node_modules\busboy\lib\types\multipart.js:162:20)
    at SBMH.ssCb [as _cb] (E:\Laragon\www\mern\pos\server\node_modules\busboy\lib\types\multipart.js:394:37)
    at feed (E:\Laragon\www\mern\pos\server\node_modules\streamsearch\lib\sbmh.js:248:10)
    at SBMH.push (E:\Laragon\www\mern\pos\server\node_modules\streamsearch\lib\sbmh.js:104:16)
    at Multipart._write (E:\Laragon\www\mern\pos\server\node_modules\busboy\lib\types\multipart.js:567:19)
    at writeOrBuffer (node:internal/streams/writable:399:12)||Tue Oct 15 2024 13:57:26 GMT+0600 (Bangladesh Standard Time)
Your Requested /api/profile-update ||Error: Your Requested /api/profile-update 
    at CreateError (E:\Laragon\www\mern\pos\server\src\utility\ErrorHandler.js:6:13)
    at NotFoundError (E:\Laragon\www\mern\pos\server\src\utility\ErrorHandler.js:14:17)
    at Layer.handle [as handle_request] (E:\Laragon\www\mern\pos\server\node_modules\express\lib\router\layer.js:95:5)
    at trim_prefix (E:\Laragon\www\mern\pos\server\node_modules\express\lib\router\index.js:328:13)
    at E:\Laragon\www\mern\pos\server\node_modules\express\lib\router\index.js:286:9
    at Function.process_params (E:\Laragon\www\mern\pos\server\node_modules\express\lib\router\index.js:346:12)
    at next (E:\Laragon\www\mern\pos\server\node_modules\express\lib\router\index.js:280:10)
    at E:\Laragon\www\mern\pos\server\node_modules\express\lib\router\index.js:646:15
    at next (E:\Laragon\www\mern\pos\server\node_modules\express\lib\router\index.js:265:14)
    at next (E:\Laragon\www\mern\pos\server\node_modules\express\lib\router\route.js:141:14)||Tue Oct 15 2024 13:58:51 GMT+0600 (Bangladesh Standard Time)
Your Requested /api/profile-update ||Error: Your Requested /api/profile-update 
    at CreateError (E:\Laragon\www\mern\pos\server\src\utility\ErrorHandler.js:6:13)
    at NotFoundError (E:\Laragon\www\mern\pos\server\src\utility\ErrorHandler.js:14:17)
    at Layer.handle [as handle_request] (E:\Laragon\www\mern\pos\server\node_modules\express\lib\router\layer.js:95:5)
    at trim_prefix (E:\Laragon\www\mern\pos\server\node_modules\express\lib\router\index.js:328:13)
    at E:\Laragon\www\mern\pos\server\node_modules\express\lib\router\index.js:286:9
    at Function.process_params (E:\Laragon\www\mern\pos\server\node_modules\express\lib\router\index.js:346:12)
    at next (E:\Laragon\www\mern\pos\server\node_modules\express\lib\router\index.js:280:10)
    at E:\Laragon\www\mern\pos\server\node_modules\express\lib\router\index.js:646:15
    at next (E:\Laragon\www\mern\pos\server\node_modules\express\lib\router\index.js:265:14)
    at next (E:\Laragon\www\mern\pos\server\node_modules\express\lib\router\route.js:141:14)||Tue Oct 15 2024 13:58:59 GMT+0600 (Bangladesh Standard Time)
Your Requested /api/profile-update ||Error: Your Requested /api/profile-update 
    at CreateError (E:\Laragon\www\mern\pos\server\src\utility\ErrorHandler.js:6:13)
    at NotFoundError (E:\Laragon\www\mern\pos\server\src\utility\ErrorHandler.js:14:17)
    at Layer.handle [as handle_request] (E:\Laragon\www\mern\pos\server\node_modules\express\lib\router\layer.js:95:5)
    at trim_prefix (E:\Laragon\www\mern\pos\server\node_modules\express\lib\router\index.js:328:13)
    at E:\Laragon\www\mern\pos\server\node_modules\express\lib\router\index.js:286:9
    at Function.process_params (E:\Laragon\www\mern\pos\server\node_modules\express\lib\router\index.js:346:12)
    at next (E:\Laragon\www\mern\pos\server\node_modules\express\lib\router\index.js:280:10)
    at E:\Laragon\www\mern\pos\server\node_modules\express\lib\router\index.js:646:15
    at next (E:\Laragon\www\mern\pos\server\node_modules\express\lib\router\index.js:265:14)
    at next (E:\Laragon\www\mern\pos\server\node_modules\express\lib\router\route.js:141:14)||Tue Oct 15 2024 13:59:36 GMT+0600 (Bangladesh Standard Time)
Your Requested /api/profile-update ||Error: Your Requested /api/profile-update 
    at CreateError (E:\Laragon\www\mern\pos\server\src\utility\ErrorHandler.js:6:13)
    at NotFoundError (E:\Laragon\www\mern\pos\server\src\utility\ErrorHandler.js:14:17)
    at Layer.handle [as handle_request] (E:\Laragon\www\mern\pos\server\node_modules\express\lib\router\layer.js:95:5)
    at trim_prefix (E:\Laragon\www\mern\pos\server\node_modules\express\lib\router\index.js:328:13)
    at E:\Laragon\www\mern\pos\server\node_modules\express\lib\router\index.js:286:9
    at Function.process_params (E:\Laragon\www\mern\pos\server\node_modules\express\lib\router\index.js:346:12)
    at next (E:\Laragon\www\mern\pos\server\node_modules\express\lib\router\index.js:280:10)
    at E:\Laragon\www\mern\pos\server\node_modules\express\lib\router\index.js:646:15
    at next (E:\Laragon\www\mern\pos\server\node_modules\express\lib\router\index.js:265:14)
    at next (E:\Laragon\www\mern\pos\server\node_modules\express\lib\router\route.js:141:14)||Tue Oct 15 2024 13:59:37 GMT+0600 (Bangladesh Standard Time)
Your Requested /api/profile-update ||Error: Your Requested /api/profile-update 
    at CreateError (E:\Laragon\www\mern\pos\server\src\utility\ErrorHandler.js:6:13)
    at NotFoundError (E:\Laragon\www\mern\pos\server\src\utility\ErrorHandler.js:14:17)
    at Layer.handle [as handle_request] (E:\Laragon\www\mern\pos\server\node_modules\express\lib\router\layer.js:95:5)
    at trim_prefix (E:\Laragon\www\mern\pos\server\node_modules\express\lib\router\index.js:328:13)
    at E:\Laragon\www\mern\pos\server\node_modules\express\lib\router\index.js:286:9
    at Function.process_params (E:\Laragon\www\mern\pos\server\node_modules\express\lib\router\index.js:346:12)
    at next (E:\Laragon\www\mern\pos\server\node_modules\express\lib\router\index.js:280:10)
    at E:\Laragon\www\mern\pos\server\node_modules\express\lib\router\index.js:646:15
    at next (E:\Laragon\www\mern\pos\server\node_modules\express\lib\router\index.js:265:14)
    at next (E:\Laragon\www\mern\pos\server\node_modules\express\lib\router\route.js:141:14)||Tue Oct 15 2024 13:59:48 GMT+0600 (Bangladesh Standard Time)
Your Requested /api/profile-update ||Error: Your Requested /api/profile-update 
    at CreateError (E:\Laragon\www\mern\pos\server\src\utility\ErrorHandler.js:6:13)
    at NotFoundError (E:\Laragon\www\mern\pos\server\src\utility\ErrorHandler.js:14:17)
    at Layer.handle [as handle_request] (E:\Laragon\www\mern\pos\server\node_modules\express\lib\router\layer.js:95:5)
    at trim_prefix (E:\Laragon\www\mern\pos\server\node_modules\express\lib\router\index.js:328:13)
    at E:\Laragon\www\mern\pos\server\node_modules\express\lib\router\index.js:286:9
    at Function.process_params (E:\Laragon\www\mern\pos\server\node_modules\express\lib\router\index.js:346:12)
    at next (E:\Laragon\www\mern\pos\server\node_modules\express\lib\router\index.js:280:10)
    at E:\Laragon\www\mern\pos\server\node_modules\express\lib\router\index.js:646:15
    at next (E:\Laragon\www\mern\pos\server\node_modules\express\lib\router\index.js:265:14)
    at next (E:\Laragon\www\mern\pos\server\node_modules\express\lib\router\route.js:141:14)||Tue Oct 15 2024 14:00:57 GMT+0600 (Bangladesh Standard Time)
Your Requested /api/profile-update ||Error: Your Requested /api/profile-update 
    at CreateError (E:\Laragon\www\mern\pos\server\src\utility\ErrorHandler.js:6:13)
    at NotFoundError (E:\Laragon\www\mern\pos\server\src\utility\ErrorHandler.js:14:17)
    at Layer.handle [as handle_request] (E:\Laragon\www\mern\pos\server\node_modules\express\lib\router\layer.js:95:5)
    at trim_prefix (E:\Laragon\www\mern\pos\server\node_modules\express\lib\router\index.js:328:13)
    at E:\Laragon\www\mern\pos\server\node_modules\express\lib\router\index.js:286:9
    at Function.process_params (E:\Laragon\www\mern\pos\server\node_modules\express\lib\router\index.js:346:12)
    at next (E:\Laragon\www\mern\pos\server\node_modules\express\lib\router\index.js:280:10)
    at E:\Laragon\www\mern\pos\server\node_modules\express\lib\router\index.js:646:15
    at next (E:\Laragon\www\mern\pos\server\node_modules\express\lib\router\index.js:265:14)
    at next (E:\Laragon\www\mern\pos\server\node_modules\express\lib\router\route.js:141:14)||Tue Oct 15 2024 14:05:14 GMT+0600 (Bangladesh Standard Time)
Your Requested /api/profile-update ||Error: Your Requested /api/profile-update 
    at CreateError (E:\Laragon\www\mern\pos\server\src\utility\ErrorHandler.js:6:13)
    at NotFoundError (E:\Laragon\www\mern\pos\server\src\utility\ErrorHandler.js:14:17)
    at Layer.handle [as handle_request] (E:\Laragon\www\mern\pos\server\node_modules\express\lib\router\layer.js:95:5)
    at trim_prefix (E:\Laragon\www\mern\pos\server\node_modules\express\lib\router\index.js:328:13)
    at E:\Laragon\www\mern\pos\server\node_modules\express\lib\router\index.js:286:9
    at Function.process_params (E:\Laragon\www\mern\pos\server\node_modules\express\lib\router\index.js:346:12)
    at next (E:\Laragon\www\mern\pos\server\node_modules\express\lib\router\index.js:280:10)
    at E:\Laragon\www\mern\pos\server\node_modules\express\lib\router\index.js:646:15
    at next (E:\Laragon\www\mern\pos\server\node_modules\express\lib\router\index.js:265:14)
    at next (E:\Laragon\www\mern\pos\server\node_modules\express\lib\router\route.js:141:14)||Tue Oct 15 2024 14:06:38 GMT+0600 (Bangladesh Standard Time)
Your Requested /api/profile-update ||Error: Your Requested /api/profile-update 
    at CreateError (E:\Laragon\www\mern\pos\server\src\utility\ErrorHandler.js:6:13)
    at NotFoundError (E:\Laragon\www\mern\pos\server\src\utility\ErrorHandler.js:14:17)
    at Layer.handle [as handle_request] (E:\Laragon\www\mern\pos\server\node_modules\express\lib\router\layer.js:95:5)
    at trim_prefix (E:\Laragon\www\mern\pos\server\node_modules\express\lib\router\index.js:328:13)
    at E:\Laragon\www\mern\pos\server\node_modules\express\lib\router\index.js:286:9
    at Function.process_params (E:\Laragon\www\mern\pos\server\node_modules\express\lib\router\index.js:346:12)
    at next (E:\Laragon\www\mern\pos\server\node_modules\express\lib\router\index.js:280:10)
    at E:\Laragon\www\mern\pos\server\node_modules\express\lib\router\index.js:646:15
    at next (E:\Laragon\www\mern\pos\server\node_modules\express\lib\router\index.js:265:14)
    at next (E:\Laragon\www\mern\pos\server\node_modules\express\lib\router\route.js:141:14)||Tue Oct 15 2024 14:10:05 GMT+0600 (Bangladesh Standard Time)
Your Requested /api/profile-update ||Error: Your Requested /api/profile-update 
    at CreateError (E:\Laragon\www\mern\pos\server\src\utility\ErrorHandler.js:6:13)
    at NotFoundError (E:\Laragon\www\mern\pos\server\src\utility\ErrorHandler.js:14:17)
    at Layer.handle [as handle_request] (E:\Laragon\www\mern\pos\server\node_modules\express\lib\router\layer.js:95:5)
    at trim_prefix (E:\Laragon\www\mern\pos\server\node_modules\express\lib\router\index.js:328:13)
    at E:\Laragon\www\mern\pos\server\node_modules\express\lib\router\index.js:286:9
    at Function.process_params (E:\Laragon\www\mern\pos\server\node_modules\express\lib\router\index.js:346:12)
    at next (E:\Laragon\www\mern\pos\server\node_modules\express\lib\router\index.js:280:10)
    at E:\Laragon\www\mern\pos\server\node_modules\express\lib\router\index.js:646:15
    at next (E:\Laragon\www\mern\pos\server\node_modules\express\lib\router\index.js:265:14)
    at next (E:\Laragon\www\mern\pos\server\node_modules\express\lib\router\route.js:141:14)||Tue Oct 15 2024 14:10:30 GMT+0600 (Bangladesh Standard Time)
Your Requested /api/profile-update ||Error: Your Requested /api/profile-update 
    at CreateError (E:\Laragon\www\mern\pos\server\src\utility\ErrorHandler.js:6:13)
    at NotFoundError (E:\Laragon\www\mern\pos\server\src\utility\ErrorHandler.js:14:17)
    at Layer.handle [as handle_request] (E:\Laragon\www\mern\pos\server\node_modules\express\lib\router\layer.js:95:5)
    at trim_prefix (E:\Laragon\www\mern\pos\server\node_modules\express\lib\router\index.js:328:13)
    at E:\Laragon\www\mern\pos\server\node_modules\express\lib\router\index.js:286:9
    at Function.process_params (E:\Laragon\www\mern\pos\server\node_modules\express\lib\router\index.js:346:12)
    at next (E:\Laragon\www\mern\pos\server\node_modules\express\lib\router\index.js:280:10)
    at E:\Laragon\www\mern\pos\server\node_modules\express\lib\router\index.js:646:15
    at next (E:\Laragon\www\mern\pos\server\node_modules\express\lib\router\index.js:265:14)
    at next (E:\Laragon\www\mern\pos\server\node_modules\express\lib\router\route.js:141:14)||Tue Oct 15 2024 14:11:34 GMT+0600 (Bangladesh Standard Time)
Your Requested /api/profile-update ||Error: Your Requested /api/profile-update 
    at CreateError (E:\Laragon\www\mern\pos\server\src\utility\ErrorHandler.js:6:13)
    at NotFoundError (E:\Laragon\www\mern\pos\server\src\utility\ErrorHandler.js:14:17)
    at Layer.handle [as handle_request] (E:\Laragon\www\mern\pos\server\node_modules\express\lib\router\layer.js:95:5)
    at trim_prefix (E:\Laragon\www\mern\pos\server\node_modules\express\lib\router\index.js:328:13)
    at E:\Laragon\www\mern\pos\server\node_modules\express\lib\router\index.js:286:9
    at Function.process_params (E:\Laragon\www\mern\pos\server\node_modules\express\lib\router\index.js:346:12)
    at next (E:\Laragon\www\mern\pos\server\node_modules\express\lib\router\index.js:280:10)
    at E:\Laragon\www\mern\pos\server\node_modules\express\lib\router\index.js:646:15
    at next (E:\Laragon\www\mern\pos\server\node_modules\express\lib\router\index.js:265:14)
    at Function.handle (E:\Laragon\www\mern\pos\server\node_modules\express\lib\router\index.js:175:3)||Tue Oct 15 2024 14:11:40 GMT+0600 (Bangladesh Standard Time)
Your Requested /api/profile-update ||Error: Your Requested /api/profile-update 
    at CreateError (E:\Laragon\www\mern\pos\server\src\utility\ErrorHandler.js:6:13)
    at NotFoundError (E:\Laragon\www\mern\pos\server\src\utility\ErrorHandler.js:14:17)
    at Layer.handle [as handle_request] (E:\Laragon\www\mern\pos\server\node_modules\express\lib\router\layer.js:95:5)
    at trim_prefix (E:\Laragon\www\mern\pos\server\node_modules\express\lib\router\index.js:328:13)
    at E:\Laragon\www\mern\pos\server\node_modules\express\lib\router\index.js:286:9
    at Function.process_params (E:\Laragon\www\mern\pos\server\node_modules\express\lib\router\index.js:346:12)
    at next (E:\Laragon\www\mern\pos\server\node_modules\express\lib\router\index.js:280:10)
    at E:\Laragon\www\mern\pos\server\node_modules\express\lib\router\index.js:646:15
    at next (E:\Laragon\www\mern\pos\server\node_modules\express\lib\router\index.js:265:14)
    at next (E:\Laragon\www\mern\pos\server\node_modules\express\lib\router\route.js:141:14)||Tue Oct 15 2024 14:11:44 GMT+0600 (Bangladesh Standard Time)
Your Requested /api/profile-update ||Error: Your Requested /api/profile-update 
    at CreateError (E:\Laragon\www\mern\pos\server\src\utility\ErrorHandler.js:6:13)
    at NotFoundError (E:\Laragon\www\mern\pos\server\src\utility\ErrorHandler.js:14:17)
    at Layer.handle [as handle_request] (E:\Laragon\www\mern\pos\server\node_modules\express\lib\router\layer.js:95:5)
    at trim_prefix (E:\Laragon\www\mern\pos\server\node_modules\express\lib\router\index.js:328:13)
    at E:\Laragon\www\mern\pos\server\node_modules\express\lib\router\index.js:286:9
    at Function.process_params (E:\Laragon\www\mern\pos\server\node_modules\express\lib\router\index.js:346:12)
    at next (E:\Laragon\www\mern\pos\server\node_modules\express\lib\router\index.js:280:10)
    at E:\Laragon\www\mern\pos\server\node_modules\express\lib\router\index.js:646:15
    at next (E:\Laragon\www\mern\pos\server\node_modules\express\lib\router\index.js:265:14)
    at next (E:\Laragon\www\mern\pos\server\node_modules\express\lib\router\route.js:141:14)||Tue Oct 15 2024 14:11:55 GMT+0600 (Bangladesh Standard Time)
Your Requested /api/profile-update ||Error: Your Requested /api/profile-update 
    at CreateError (E:\Laragon\www\mern\pos\server\src\utility\ErrorHandler.js:6:13)
    at NotFoundError (E:\Laragon\www\mern\pos\server\src\utility\ErrorHandler.js:14:17)
    at Layer.handle [as handle_request] (E:\Laragon\www\mern\pos\server\node_modules\express\lib\router\layer.js:95:5)
    at trim_prefix (E:\Laragon\www\mern\pos\server\node_modules\express\lib\router\index.js:328:13)
    at E:\Laragon\www\mern\pos\server\node_modules\express\lib\router\index.js:286:9
    at Function.process_params (E:\Laragon\www\mern\pos\server\node_modules\express\lib\router\index.js:346:12)
    at next (E:\Laragon\www\mern\pos\server\node_modules\express\lib\router\index.js:280:10)
    at E:\Laragon\www\mern\pos\server\node_modules\express\lib\router\index.js:646:15
    at next (E:\Laragon\www\mern\pos\server\node_modules\express\lib\router\index.js:265:14)
    at next (E:\Laragon\www\mern\pos\server\node_modules\express\lib\router\route.js:141:14)||Tue Oct 15 2024 14:13:22 GMT+0600 (Bangladesh Standard Time)
Your Requested /api/profile-update ||Error: Your Requested /api/profile-update 
    at CreateError (E:\Laragon\www\mern\pos\server\src\utility\ErrorHandler.js:6:13)
    at NotFoundError (E:\Laragon\www\mern\pos\server\src\utility\ErrorHandler.js:14:17)
    at Layer.handle [as handle_request] (E:\Laragon\www\mern\pos\server\node_modules\express\lib\router\layer.js:95:5)
    at trim_prefix (E:\Laragon\www\mern\pos\server\node_modules\express\lib\router\index.js:328:13)
    at E:\Laragon\www\mern\pos\server\node_modules\express\lib\router\index.js:286:9
    at Function.process_params (E:\Laragon\www\mern\pos\server\node_modules\express\lib\router\index.js:346:12)
    at next (E:\Laragon\www\mern\pos\server\node_modules\express\lib\router\index.js:280:10)
    at E:\Laragon\www\mern\pos\server\node_modules\express\lib\router\index.js:646:15
    at next (E:\Laragon\www\mern\pos\server\node_modules\express\lib\router\index.js:265:14)
    at next (E:\Laragon\www\mern\pos\server\node_modules\express\lib\router\route.js:141:14)||Tue Oct 15 2024 14:13:38 GMT+0600 (Bangladesh Standard Time)
Your Requested /api/profile-update ||Error: Your Requested /api/profile-update 
    at CreateError (E:\Laragon\www\mern\pos\server\src\utility\ErrorHandler.js:6:13)
    at NotFoundError (E:\Laragon\www\mern\pos\server\src\utility\ErrorHandler.js:14:17)
    at Layer.handle [as handle_request] (E:\Laragon\www\mern\pos\server\node_modules\express\lib\router\layer.js:95:5)
    at trim_prefix (E:\Laragon\www\mern\pos\server\node_modules\express\lib\router\index.js:328:13)
    at E:\Laragon\www\mern\pos\server\node_modules\express\lib\router\index.js:286:9
    at Function.process_params (E:\Laragon\www\mern\pos\server\node_modules\express\lib\router\index.js:346:12)
    at next (E:\Laragon\www\mern\pos\server\node_modules\express\lib\router\index.js:280:10)
    at E:\Laragon\www\mern\pos\server\node_modules\express\lib\router\index.js:646:15
    at next (E:\Laragon\www\mern\pos\server\node_modules\express\lib\router\index.js:265:14)
    at next (E:\Laragon\www\mern\pos\server\node_modules\express\lib\router\route.js:141:14)||Tue Oct 15 2024 14:16:33 GMT+0600 (Bangladesh Standard Time)
Your Requested /api/file-save ||Error: Your Requested /api/file-save 
    at CreateError (E:\Laragon\www\mern\pos\server\src\utility\ErrorHandler.js:6:13)
    at NotFoundError (E:\Laragon\www\mern\pos\server\src\utility\ErrorHandler.js:14:17)
    at Layer.handle [as handle_request] (E:\Laragon\www\mern\pos\server\node_modules\express\lib\router\layer.js:95:5)
    at trim_prefix (E:\Laragon\www\mern\pos\server\node_modules\express\lib\router\index.js:328:13)
    at E:\Laragon\www\mern\pos\server\node_modules\express\lib\router\index.js:286:9
    at Function.process_params (E:\Laragon\www\mern\pos\server\node_modules\express\lib\router\index.js:346:12)
    at next (E:\Laragon\www\mern\pos\server\node_modules\express\lib\router\index.js:280:10)
    at E:\Laragon\www\mern\pos\server\node_modules\express\lib\router\index.js:646:15
    at next (E:\Laragon\www\mern\pos\server\node_modules\express\lib\router\index.js:265:14)
    at Function.handle (E:\Laragon\www\mern\pos\server\node_modules\express\lib\router\index.js:175:3)||Tue Oct 15 2024 14:35:25 GMT+0600 (Bangladesh Standard Time)
Your Requested /api/file-save ||Error: Your Requested /api/file-save 
    at CreateError (E:\Laragon\www\mern\pos\server\src\utility\ErrorHandler.js:6:13)
    at NotFoundError (E:\Laragon\www\mern\pos\server\src\utility\ErrorHandler.js:14:17)
    at Layer.handle [as handle_request] (E:\Laragon\www\mern\pos\server\node_modules\express\lib\router\layer.js:95:5)
    at trim_prefix (E:\Laragon\www\mern\pos\server\node_modules\express\lib\router\index.js:328:13)
    at E:\Laragon\www\mern\pos\server\node_modules\express\lib\router\index.js:286:9
    at Function.process_params (E:\Laragon\www\mern\pos\server\node_modules\express\lib\router\index.js:346:12)
    at next (E:\Laragon\www\mern\pos\server\node_modules\express\lib\router\index.js:280:10)
    at E:\Laragon\www\mern\pos\server\node_modules\express\lib\router\index.js:646:15
    at next (E:\Laragon\www\mern\pos\server\node_modules\express\lib\router\index.js:265:14)
    at Function.handle (E:\Laragon\www\mern\pos\server\node_modules\express\lib\router\index.js:175:3)||Tue Oct 15 2024 14:35:36 GMT+0600 (Bangladesh Standard Time)
Your Requested /api/file-save ||Error: Your Requested /api/file-save 
    at CreateError (E:\Laragon\www\mern\pos\server\src\utility\ErrorHandler.js:6:13)
    at NotFoundError (E:\Laragon\www\mern\pos\server\src\utility\ErrorHandler.js:14:17)
    at Layer.handle [as handle_request] (E:\Laragon\www\mern\pos\server\node_modules\express\lib\router\layer.js:95:5)
    at trim_prefix (E:\Laragon\www\mern\pos\server\node_modules\express\lib\router\index.js:328:13)
    at E:\Laragon\www\mern\pos\server\node_modules\express\lib\router\index.js:286:9
    at Function.process_params (E:\Laragon\www\mern\pos\server\node_modules\express\lib\router\index.js:346:12)
    at next (E:\Laragon\www\mern\pos\server\node_modules\express\lib\router\index.js:280:10)
    at E:\Laragon\www\mern\pos\server\node_modules\express\lib\router\index.js:646:15
    at next (E:\Laragon\www\mern\pos\server\node_modules\express\lib\router\index.js:265:14)
    at Function.handle (E:\Laragon\www\mern\pos\server\node_modules\express\lib\router\index.js:175:3)||Tue Oct 15 2024 14:39:21 GMT+0600 (Bangladesh Standard Time)
Your Requested /api/file-save ||Error: Your Requested /api/file-save 
    at CreateError (E:\Laragon\www\mern\pos\server\src\utility\ErrorHandler.js:6:13)
    at NotFoundError (E:\Laragon\www\mern\pos\server\src\utility\ErrorHandler.js:14:17)
    at Layer.handle [as handle_request] (E:\Laragon\www\mern\pos\server\node_modules\express\lib\router\layer.js:95:5)
    at trim_prefix (E:\Laragon\www\mern\pos\server\node_modules\express\lib\router\index.js:328:13)
    at E:\Laragon\www\mern\pos\server\node_modules\express\lib\router\index.js:286:9
    at Function.process_params (E:\Laragon\www\mern\pos\server\node_modules\express\lib\router\index.js:346:12)
    at next (E:\Laragon\www\mern\pos\server\node_modules\express\lib\router\index.js:280:10)
    at E:\Laragon\www\mern\pos\server\node_modules\express\lib\router\index.js:646:15
    at next (E:\Laragon\www\mern\pos\server\node_modules\express\lib\router\index.js:265:14)
    at Function.handle (E:\Laragon\www\mern\pos\server\node_modules\express\lib\router\index.js:175:3)||Tue Oct 15 2024 14:39:38 GMT+0600 (Bangladesh Standard Time)
